<?xml version="1.0" encoding="UTF-8"?>
<testng-results skipped="0" failed="0" total="1" passed="1">
  <reporter-output>
  </reporter-output>
  <suite name="Default suite" duration-ms="23368" started-at="2018-01-10T11:52:19Z" finished-at="2018-01-10T11:52:43Z">
    <groups>
    </groups>
    <test name="Default test" duration-ms="23368" started-at="2018-01-10T11:52:19Z" finished-at="2018-01-10T11:52:43Z">
      <class name="com.flipkart.Tests.VerifyValidLogin">
        <test-method status="PASS" signature="ValidateValidUser()[pri:0, instance:com.flipkart.Tests.VerifyValidLogin@8e81918]" name="ValidateValidUser" duration-ms="23337" started-at="2018-01-10T17:22:19Z" finished-at="2018-01-10T17:22:43Z">
          <reporter-output>
          </reporter-output>
        </test-method> <!-- ValidateValidUser -->
      </class> <!-- com.flipkart.Tests.VerifyValidLogin -->
    </test> <!-- Default test -->
  </suite> <!-- Default suite -->
</testng-results>
